Mon Jun 12 2023 16:35:01 GMT+0600 (Bangladesh Standard Time) 16 : 35 : 1 [Arif] info: connect successful
Mon Jun 12 2023 16:35:01 GMT+0600 (Bangladesh Standard Time) 16 : 35 : 1 [Arif] info: the application is running on port 5000
Mon Jun 12 2023 16:35:17 GMT+0600 (Bangladesh Standard Time) 16 : 35 : 17 [Arif] info: connect successful
Mon Jun 12 2023 16:35:17 GMT+0600 (Bangladesh Standard Time) 16 : 35 : 17 [Arif] info: the application is running on port 5000
Mon Jun 12 2023 16:35:39 GMT+0600 (Bangladesh Standard Time) 16 : 35 : 39 [Arif] info: connect successful
Mon Jun 12 2023 16:35:39 GMT+0600 (Bangladesh Standard Time) 16 : 35 : 39 [Arif] info: the application is running on port 5000
Mon Jun 12 2023 16:36:30 GMT+0600 (Bangladesh Standard Time) 16 : 36 : 30 [Arif] info: hello for validate request ekhan theke user.validation e jabe
Mon Jun 12 2023 16:36:30 GMT+0600 (Bangladesh Standard Time) 16 : 36 : 30 [Arif] info: hello from global handle error
Mon Jun 12 2023 16:37:03 GMT+0600 (Bangladesh Standard Time) 16 : 37 : 3 [Arif] info: connect successful
Mon Jun 12 2023 16:37:03 GMT+0600 (Bangladesh Standard Time) 16 : 37 : 3 [Arif] info: the application is running on port 5000
Mon Jun 12 2023 16:37:32 GMT+0600 (Bangladesh Standard Time) 16 : 37 : 32 [Arif] info: connect successful
Mon Jun 12 2023 16:37:33 GMT+0600 (Bangladesh Standard Time) 16 : 37 : 33 [Arif] info: the application is running on port 5000
Mon Jun 12 2023 16:37:41 GMT+0600 (Bangladesh Standard Time) 16 : 37 : 41 [Arif] info: hello for validate request ekhan theke user.validation e jabe
Mon Jun 12 2023 16:37:41 GMT+0600 (Bangladesh Standard Time) 16 : 37 : 41 [Arif] info: hello from error api
Mon Jun 12 2023 16:37:41 GMT+0600 (Bangladesh Standard Time) 16 : 37 : 41 [Arif] info: hello from global handle error
Mon Jun 12 2023 16:37:47 GMT+0600 (Bangladesh Standard Time) 16 : 37 : 47 [Arif] info: hello for validate request ekhan theke user.validation e jabe
Mon Jun 12 2023 16:37:47 GMT+0600 (Bangladesh Standard Time) 16 : 37 : 47 [Arif] info: hello from error api
Mon Jun 12 2023 16:37:47 GMT+0600 (Bangladesh Standard Time) 16 : 37 : 47 [Arif] info: hello from global handle error
Mon Jun 12 2023 16:37:49 GMT+0600 (Bangladesh Standard Time) 16 : 37 : 49 [Arif] info: hello for validate request ekhan theke user.validation e jabe
Mon Jun 12 2023 16:37:49 GMT+0600 (Bangladesh Standard Time) 16 : 37 : 49 [Arif] info: hello from error api
Mon Jun 12 2023 16:37:49 GMT+0600 (Bangladesh Standard Time) 16 : 37 : 49 [Arif] info: hello from global handle error
