Mon Jun 12 2023 21:03:45 GMT+0600 (Bangladesh Standard Time) 21 : 3 : 45 [Arif] info: connect successful
Mon Jun 12 2023 21:03:45 GMT+0600 (Bangladesh Standard Time) 21 : 3 : 45 [Arif] info: the application is running on port 5000
Mon Jun 12 2023 21:09:14 GMT+0600 (Bangladesh Standard Time) 21 : 9 : 14 [Arif] info: hello for validate request ekhan theke user.validation e jabe
Mon Jun 12 2023 21:09:14 GMT+0600 (Bangladesh Standard Time) 21 : 9 : 14 [Arif] info: hello from error api
Mon Jun 12 2023 21:09:14 GMT+0600 (Bangladesh Standard Time) 21 : 9 : 14 [Arif] info: hello from global handle error
Mon Jun 12 2023 21:38:04 GMT+0600 (Bangladesh Standard Time) 21 : 38 : 4 [Arif] info: connect successful
Mon Jun 12 2023 21:38:04 GMT+0600 (Bangladesh Standard Time) 21 : 38 : 4 [Arif] info: the application is running on port 5000
Mon Jun 12 2023 21:51:52 GMT+0600 (Bangladesh Standard Time) 21 : 51 : 52 [Arif] info: connect successful
Mon Jun 12 2023 21:51:52 GMT+0600 (Bangladesh Standard Time) 21 : 51 : 52 [Arif] info: the application is running on port 5000
Mon Jun 12 2023 21:52:45 GMT+0600 (Bangladesh Standard Time) 21 : 52 : 45 [Arif] info: connect successful
Mon Jun 12 2023 21:52:45 GMT+0600 (Bangladesh Standard Time) 21 : 52 : 45 [Arif] info: the application is running on port 5000
Mon Jun 12 2023 21:52:53 GMT+0600 (Bangladesh Standard Time) 21 : 52 : 53 [Arif] info: connect successful
Mon Jun 12 2023 21:52:53 GMT+0600 (Bangladesh Standard Time) 21 : 52 : 53 [Arif] info: the application is running on port 5000
Mon Jun 12 2023 21:53:51 GMT+0600 (Bangladesh Standard Time) 21 : 53 : 51 [Arif] info: connect successful
Mon Jun 12 2023 21:53:51 GMT+0600 (Bangladesh Standard Time) 21 : 53 : 51 [Arif] info: the application is running on port 5000
Mon Jun 12 2023 21:54:50 GMT+0600 (Bangladesh Standard Time) 21 : 54 : 50 [Arif] info: connect successful
Mon Jun 12 2023 21:54:50 GMT+0600 (Bangladesh Standard Time) 21 : 54 : 50 [Arif] info: the application is running on port 5000
Mon Jun 12 2023 21:54:57 GMT+0600 (Bangladesh Standard Time) 21 : 54 : 57 [Arif] info: connect successful
Mon Jun 12 2023 21:54:57 GMT+0600 (Bangladesh Standard Time) 21 : 54 : 57 [Arif] info: the application is running on port 5000
Mon Jun 12 2023 21:55:53 GMT+0600 (Bangladesh Standard Time) 21 : 55 : 53 [Arif] info: hello for validate request ekhan theke user.validation e jabe
Mon Jun 12 2023 21:55:53 GMT+0600 (Bangladesh Standard Time) 21 : 55 : 53 [Arif] info: hello from error api
Mon Jun 12 2023 21:55:53 GMT+0600 (Bangladesh Standard Time) 21 : 55 : 53 [Arif] info: hello from global handle error
Mon Jun 12 2023 21:55:54 GMT+0600 (Bangladesh Standard Time) 21 : 55 : 54 [Arif] info: hello for validate request ekhan theke user.validation e jabe
Mon Jun 12 2023 21:55:54 GMT+0600 (Bangladesh Standard Time) 21 : 55 : 54 [Arif] info: hello from error api
Mon Jun 12 2023 21:55:54 GMT+0600 (Bangladesh Standard Time) 21 : 55 : 54 [Arif] info: hello from global handle error
Mon Jun 12 2023 21:56:07 GMT+0600 (Bangladesh Standard Time) 21 : 56 : 7 [Arif] info: hello for validate request ekhan theke user.validation e jabe
Mon Jun 12 2023 21:56:23 GMT+0600 (Bangladesh Standard Time) 21 : 56 : 23 [Arif] info: hello for validate request ekhan theke user.validation e jabe
Mon Jun 12 2023 21:56:23 GMT+0600 (Bangladesh Standard Time) 21 : 56 : 23 [Arif] info: hello from error api
Mon Jun 12 2023 21:56:23 GMT+0600 (Bangladesh Standard Time) 21 : 56 : 23 [Arif] info: hello from global handle error
