Thu Jun 15 2023 20:06:59 GMT+0600 (Bangladesh Standard Time) 20 : 6 : 59 [Arif] info: connect successful
Thu Jun 15 2023 20:06:59 GMT+0600 (Bangladesh Standard Time) 20 : 6 : 59 [Arif] info: the application is running on port 5000
Thu Jun 15 2023 20:07:01 GMT+0600 (Bangladesh Standard Time) 20 : 7 : 1 [Arif] info: [object Object]
Thu Jun 15 2023 20:08:02 GMT+0600 (Bangladesh Standard Time) 20 : 8 : 2 [Arif] info: hello for validate request ekhan theke user.validation e jabe
Thu Jun 15 2023 20:08:24 GMT+0600 (Bangladesh Standard Time) 20 : 8 : 24 [Arif] info: hello for validate request ekhan theke user.validation e jabe
Thu Jun 15 2023 20:09:47 GMT+0600 (Bangladesh Standard Time) 20 : 9 : 47 [Arif] info: hello for validate request ekhan theke user.validation e jabe
Thu Jun 15 2023 20:10:40 GMT+0600 (Bangladesh Standard Time) 20 : 10 : 40 [Arif] info: hello for validate request ekhan theke user.validation e jabe
Thu Jun 15 2023 20:10:42 GMT+0600 (Bangladesh Standard Time) 20 : 10 : 42 [Arif] info: hello for validate request ekhan theke user.validation e jabe
Thu Jun 15 2023 20:10:50 GMT+0600 (Bangladesh Standard Time) 20 : 10 : 50 [Arif] info: hello for validate request ekhan theke user.validation e jabe
Thu Jun 15 2023 20:13:55 GMT+0600 (Bangladesh Standard Time) 20 : 13 : 55 [Arif] info: connect successful
Thu Jun 15 2023 20:13:55 GMT+0600 (Bangladesh Standard Time) 20 : 13 : 55 [Arif] info: the application is running on port 5000
Thu Jun 15 2023 20:14:02 GMT+0600 (Bangladesh Standard Time) 20 : 14 : 2 [Arif] info: hello for validate request ekhan theke user.validation e jabe
Thu Jun 15 2023 20:14:04 GMT+0600 (Bangladesh Standard Time) 20 : 14 : 4 [Arif] info: hello for validate request ekhan theke user.validation e jabe
Thu Jun 15 2023 20:14:06 GMT+0600 (Bangladesh Standard Time) 20 : 14 : 6 [Arif] info: hello for validate request ekhan theke user.validation e jabe
Thu Jun 15 2023 20:14:09 GMT+0600 (Bangladesh Standard Time) 20 : 14 : 9 [Arif] info: hello for validate request ekhan theke user.validation e jabe
Thu Jun 15 2023 20:14:10 GMT+0600 (Bangladesh Standard Time) 20 : 14 : 10 [Arif] info: hello for validate request ekhan theke user.validation e jabe
Thu Jun 15 2023 20:14:23 GMT+0600 (Bangladesh Standard Time) 20 : 14 : 23 [Arif] info: hello for validate request ekhan theke user.validation e jabe
Thu Jun 15 2023 20:15:38 GMT+0600 (Bangladesh Standard Time) 20 : 15 : 38 [Arif] info: connect successful
Thu Jun 15 2023 20:15:38 GMT+0600 (Bangladesh Standard Time) 20 : 15 : 38 [Arif] info: the application is running on port 5000
Thu Jun 15 2023 20:15:42 GMT+0600 (Bangladesh Standard Time) 20 : 15 : 42 [Arif] info: hello for validate request ekhan theke user.validation e jabe
Thu Jun 15 2023 20:15:44 GMT+0600 (Bangladesh Standard Time) 20 : 15 : 44 [Arif] info: hello for validate request ekhan theke user.validation e jabe
Thu Jun 15 2023 20:15:46 GMT+0600 (Bangladesh Standard Time) 20 : 15 : 46 [Arif] info: hello for validate request ekhan theke user.validation e jabe
Thu Jun 15 2023 20:16:07 GMT+0600 (Bangladesh Standard Time) 20 : 16 : 7 [Arif] info: hello from global handle error
Thu Jun 15 2023 20:16:15 GMT+0600 (Bangladesh Standard Time) 20 : 16 : 15 [Arif] info: hello for validate request ekhan theke user.validation e jabe
Thu Jun 15 2023 20:16:15 GMT+0600 (Bangladesh Standard Time) 20 : 16 : 15 [Arif] info: hello from global handle error
Thu Jun 15 2023 20:16:20 GMT+0600 (Bangladesh Standard Time) 20 : 16 : 20 [Arif] info: hello for validate request ekhan theke user.validation e jabe
Thu Jun 15 2023 20:16:20 GMT+0600 (Bangladesh Standard Time) 20 : 16 : 20 [Arif] info: hello from global handle error
Thu Jun 15 2023 20:16:20 GMT+0600 (Bangladesh Standard Time) 20 : 16 : 20 [Arif] info: hello for validate request ekhan theke user.validation e jabe
Thu Jun 15 2023 20:16:20 GMT+0600 (Bangladesh Standard Time) 20 : 16 : 20 [Arif] info: hello from global handle error
Thu Jun 15 2023 20:18:36 GMT+0600 (Bangladesh Standard Time) 20 : 18 : 36 [Arif] info: connect successful
Thu Jun 15 2023 20:18:36 GMT+0600 (Bangladesh Standard Time) 20 : 18 : 36 [Arif] info: the application is running on port 5000
Thu Jun 15 2023 20:19:33 GMT+0600 (Bangladesh Standard Time) 20 : 19 : 33 [Arif] info: hello for validate request ekhan theke user.validation e jabe
Thu Jun 15 2023 20:19:34 GMT+0600 (Bangladesh Standard Time) 20 : 19 : 34 [Arif] info: hello for validate request ekhan theke user.validation e jabe
Thu Jun 15 2023 20:19:46 GMT+0600 (Bangladesh Standard Time) 20 : 19 : 46 [Arif] info: hello for validate request ekhan theke user.validation e jabe
Thu Jun 15 2023 20:19:46 GMT+0600 (Bangladesh Standard Time) 20 : 19 : 46 [Arif] info: hello from global handle error
Thu Jun 15 2023 20:19:52 GMT+0600 (Bangladesh Standard Time) 20 : 19 : 52 [Arif] info: hello from global handle error
Thu Jun 15 2023 20:19:57 GMT+0600 (Bangladesh Standard Time) 20 : 19 : 57 [Arif] info: hello for validate request ekhan theke user.validation e jabe
Thu Jun 15 2023 20:20:00 GMT+0600 (Bangladesh Standard Time) 20 : 20 : 0 [Arif] info: hello for validate request ekhan theke user.validation e jabe
Thu Jun 15 2023 20:20:00 GMT+0600 (Bangladesh Standard Time) 20 : 20 : 0 [Arif] info: hello for validate request ekhan theke user.validation e jabe
Thu Jun 15 2023 20:20:01 GMT+0600 (Bangladesh Standard Time) 20 : 20 : 1 [Arif] info: hello for validate request ekhan theke user.validation e jabe
Thu Jun 15 2023 20:21:22 GMT+0600 (Bangladesh Standard Time) 20 : 21 : 22 [Arif] info: connect successful
Thu Jun 15 2023 20:21:22 GMT+0600 (Bangladesh Standard Time) 20 : 21 : 22 [Arif] info: the application is running on port 5000
Thu Jun 15 2023 20:21:24 GMT+0600 (Bangladesh Standard Time) 20 : 21 : 24 [Arif] info: connect successful
Thu Jun 15 2023 20:21:24 GMT+0600 (Bangladesh Standard Time) 20 : 21 : 24 [Arif] info: the application is running on port 5000
Thu Jun 15 2023 20:21:27 GMT+0600 (Bangladesh Standard Time) 20 : 21 : 27 [Arif] info: connect successful
Thu Jun 15 2023 20:21:27 GMT+0600 (Bangladesh Standard Time) 20 : 21 : 27 [Arif] info: the application is running on port 5000
Thu Jun 15 2023 20:21:41 GMT+0600 (Bangladesh Standard Time) 20 : 21 : 41 [Arif] info: hello for validate request ekhan theke user.validation e jabe
Thu Jun 15 2023 20:21:42 GMT+0600 (Bangladesh Standard Time) 20 : 21 : 42 [Arif] info: hello for validate request ekhan theke user.validation e jabe
Thu Jun 15 2023 20:29:56 GMT+0600 (Bangladesh Standard Time) 20 : 29 : 56 [Arif] info: connect successful
Thu Jun 15 2023 20:29:56 GMT+0600 (Bangladesh Standard Time) 20 : 29 : 56 [Arif] info: the application is running on port 5000
Thu Jun 15 2023 20:30:01 GMT+0600 (Bangladesh Standard Time) 20 : 30 : 1 [Arif] info: connect successful
Thu Jun 15 2023 20:30:01 GMT+0600 (Bangladesh Standard Time) 20 : 30 : 1 [Arif] info: the application is running on port 5000
Thu Jun 15 2023 20:30:06 GMT+0600 (Bangladesh Standard Time) 20 : 30 : 6 [Arif] info: hello for validate request ekhan theke user.validation e jabe
Thu Jun 15 2023 20:30:07 GMT+0600 (Bangladesh Standard Time) 20 : 30 : 7 [Arif] info: hello for validate request ekhan theke user.validation e jabe
Thu Jun 15 2023 20:30:08 GMT+0600 (Bangladesh Standard Time) 20 : 30 : 8 [Arif] info: hello for validate request ekhan theke user.validation e jabe
Thu Jun 15 2023 20:30:59 GMT+0600 (Bangladesh Standard Time) 20 : 30 : 59 [Arif] info: connect successful
Thu Jun 15 2023 20:30:59 GMT+0600 (Bangladesh Standard Time) 20 : 30 : 59 [Arif] info: the application is running on port 5000
Thu Jun 15 2023 20:31:03 GMT+0600 (Bangladesh Standard Time) 20 : 31 : 3 [Arif] info: hello for validate request ekhan theke user.validation e jabe
Thu Jun 15 2023 20:31:07 GMT+0600 (Bangladesh Standard Time) 20 : 31 : 7 [Arif] info: hello for validate request ekhan theke user.validation e jabe
Thu Jun 15 2023 20:32:21 GMT+0600 (Bangladesh Standard Time) 20 : 32 : 21 [Arif] info: hello for validate request ekhan theke user.validation e jabe
Thu Jun 15 2023 20:32:22 GMT+0600 (Bangladesh Standard Time) 20 : 32 : 22 [Arif] info: hello for validate request ekhan theke user.validation e jabe
Thu Jun 15 2023 20:32:23 GMT+0600 (Bangladesh Standard Time) 20 : 32 : 23 [Arif] info: hello for validate request ekhan theke user.validation e jabe
Thu Jun 15 2023 20:32:26 GMT+0600 (Bangladesh Standard Time) 20 : 32 : 26 [Arif] info: hello for validate request ekhan theke user.validation e jabe
Thu Jun 15 2023 20:32:44 GMT+0600 (Bangladesh Standard Time) 20 : 32 : 44 [Arif] info: connect successful
Thu Jun 15 2023 20:32:44 GMT+0600 (Bangladesh Standard Time) 20 : 32 : 44 [Arif] info: the application is running on port 5000
Thu Jun 15 2023 20:32:53 GMT+0600 (Bangladesh Standard Time) 20 : 32 : 53 [Arif] info: hello for validate request ekhan theke user.validation e jabe
Thu Jun 15 2023 20:33:57 GMT+0600 (Bangladesh Standard Time) 20 : 33 : 57 [Arif] info: hello for validate request ekhan theke user.validation e jabe
Thu Jun 15 2023 20:33:58 GMT+0600 (Bangladesh Standard Time) 20 : 33 : 58 [Arif] info: hello for validate request ekhan theke user.validation e jabe
Thu Jun 15 2023 20:33:59 GMT+0600 (Bangladesh Standard Time) 20 : 33 : 59 [Arif] info: hello for validate request ekhan theke user.validation e jabe
Thu Jun 15 2023 20:35:07 GMT+0600 (Bangladesh Standard Time) 20 : 35 : 7 [Arif] info: connect successful
Thu Jun 15 2023 20:35:07 GMT+0600 (Bangladesh Standard Time) 20 : 35 : 7 [Arif] info: the application is running on port 5000
Thu Jun 15 2023 20:35:13 GMT+0600 (Bangladesh Standard Time) 20 : 35 : 13 [Arif] info: hello for validate request ekhan theke user.validation e jabe
Thu Jun 15 2023 20:35:13 GMT+0600 (Bangladesh Standard Time) 20 : 35 : 13 [Arif] info: from controller ========================================================================================
Thu Jun 15 2023 20:35:14 GMT+0600 (Bangladesh Standard Time) 20 : 35 : 14 [Arif] info: hello for validate request ekhan theke user.validation e jabe
Thu Jun 15 2023 20:35:14 GMT+0600 (Bangladesh Standard Time) 20 : 35 : 14 [Arif] info: from controller ========================================================================================
Thu Jun 15 2023 20:36:11 GMT+0600 (Bangladesh Standard Time) 20 : 36 : 11 [Arif] info: connect successful
Thu Jun 15 2023 20:36:11 GMT+0600 (Bangladesh Standard Time) 20 : 36 : 11 [Arif] info: the application is running on port 5000
Thu Jun 15 2023 20:36:15 GMT+0600 (Bangladesh Standard Time) 20 : 36 : 15 [Arif] info: hello for validate request ekhan theke user.validation e jabe
Thu Jun 15 2023 20:36:15 GMT+0600 (Bangladesh Standard Time) 20 : 36 : 15 [Arif] info: from controller ========================================================================================
Thu Jun 15 2023 20:36:18 GMT+0600 (Bangladesh Standard Time) 20 : 36 : 18 [Arif] info: hello for validate request ekhan theke user.validation e jabe
Thu Jun 15 2023 20:36:18 GMT+0600 (Bangladesh Standard Time) 20 : 36 : 18 [Arif] info: from controller ========================================================================================
Thu Jun 15 2023 20:38:01 GMT+0600 (Bangladesh Standard Time) 20 : 38 : 1 [Arif] info: connect successful
Thu Jun 15 2023 20:38:01 GMT+0600 (Bangladesh Standard Time) 20 : 38 : 1 [Arif] info: the application is running on port 5000
Thu Jun 15 2023 20:47:51 GMT+0600 (Bangladesh Standard Time) 20 : 47 : 51 [Arif] info: connect successful
Thu Jun 15 2023 20:47:51 GMT+0600 (Bangladesh Standard Time) 20 : 47 : 51 [Arif] info: the application is running on port 5000
Thu Jun 15 2023 20:54:03 GMT+0600 (Bangladesh Standard Time) 20 : 54 : 3 [Arif] info: connect successful
Thu Jun 15 2023 20:54:03 GMT+0600 (Bangladesh Standard Time) 20 : 54 : 3 [Arif] info: the application is running on port 5000
Thu Jun 15 2023 20:56:48 GMT+0600 (Bangladesh Standard Time) 20 : 56 : 48 [Arif] info: connect successful
Thu Jun 15 2023 20:56:48 GMT+0600 (Bangladesh Standard Time) 20 : 56 : 48 [Arif] info: the application is running on port 5000
