Wed Jul 05 2023 14:01:02 GMT+0600 (Bangladesh Standard Time) 14 : 1 : 2 [Arif] info: hello for validate request ekhan theke user.validation e jabe
Wed Jul 05 2023 14:01:10 GMT+0600 (Bangladesh Standard Time) 14 : 1 : 10 [Arif] info: hello for validate request ekhan theke user.validation e jabe
Wed Jul 05 2023 14:01:33 GMT+0600 (Bangladesh Standard Time) 14 : 1 : 33 [Arif] info: hello for validate request ekhan theke user.validation e jabe
Wed Jul 05 2023 14:01:33 GMT+0600 (Bangladesh Standard Time) 14 : 1 : 33 [Arif] info: hello from global handle error
Wed Jul 05 2023 14:01:34 GMT+0600 (Bangladesh Standard Time) 14 : 1 : 34 [Arif] info: hello for validate request ekhan theke user.validation e jabe
Wed Jul 05 2023 14:01:34 GMT+0600 (Bangladesh Standard Time) 14 : 1 : 34 [Arif] info: hello from global handle error
Wed Jul 05 2023 14:01:35 GMT+0600 (Bangladesh Standard Time) 14 : 1 : 35 [Arif] info: hello for validate request ekhan theke user.validation e jabe
Wed Jul 05 2023 14:01:35 GMT+0600 (Bangladesh Standard Time) 14 : 1 : 35 [Arif] info: hello from global handle error
Wed Jul 05 2023 14:01:36 GMT+0600 (Bangladesh Standard Time) 14 : 1 : 36 [Arif] info: hello for validate request ekhan theke user.validation e jabe
Wed Jul 05 2023 14:01:36 GMT+0600 (Bangladesh Standard Time) 14 : 1 : 36 [Arif] info: hello from global handle error
Wed Jul 05 2023 14:03:26 GMT+0600 (Bangladesh Standard Time) 14 : 3 : 26 [Arif] info: connect successful
Wed Jul 05 2023 14:03:26 GMT+0600 (Bangladesh Standard Time) 14 : 3 : 26 [Arif] info: the application is running on port 5000
Wed Jul 05 2023 14:04:00 GMT+0600 (Bangladesh Standard Time) 14 : 4 : 0 [Arif] info: hello for validate request ekhan theke user.validation e jabe
Wed Jul 05 2023 14:04:00 GMT+0600 (Bangladesh Standard Time) 14 : 4 : 0 [Arif] info: hello from global handle error
Wed Jul 05 2023 14:04:02 GMT+0600 (Bangladesh Standard Time) 14 : 4 : 2 [Arif] info: hello for validate request ekhan theke user.validation e jabe
Wed Jul 05 2023 14:04:02 GMT+0600 (Bangladesh Standard Time) 14 : 4 : 2 [Arif] info: hello from global handle error
Wed Jul 05 2023 14:04:03 GMT+0600 (Bangladesh Standard Time) 14 : 4 : 3 [Arif] info: hello for validate request ekhan theke user.validation e jabe
Wed Jul 05 2023 14:04:03 GMT+0600 (Bangladesh Standard Time) 14 : 4 : 3 [Arif] info: hello from global handle error
Wed Jul 05 2023 14:04:03 GMT+0600 (Bangladesh Standard Time) 14 : 4 : 3 [Arif] info: hello for validate request ekhan theke user.validation e jabe
Wed Jul 05 2023 14:04:03 GMT+0600 (Bangladesh Standard Time) 14 : 4 : 3 [Arif] info: hello from global handle error
Wed Jul 05 2023 14:04:41 GMT+0600 (Bangladesh Standard Time) 14 : 4 : 41 [Arif] info: connect successful
Wed Jul 05 2023 14:04:41 GMT+0600 (Bangladesh Standard Time) 14 : 4 : 41 [Arif] info: the application is running on port 5000
Wed Jul 05 2023 14:04:45 GMT+0600 (Bangladesh Standard Time) 14 : 4 : 45 [Arif] info: hello for validate request ekhan theke user.validation e jabe
Wed Jul 05 2023 14:04:45 GMT+0600 (Bangladesh Standard Time) 14 : 4 : 45 [Arif] info: hello from global handle error
Wed Jul 05 2023 14:04:46 GMT+0600 (Bangladesh Standard Time) 14 : 4 : 46 [Arif] info: hello for validate request ekhan theke user.validation e jabe
Wed Jul 05 2023 14:04:46 GMT+0600 (Bangladesh Standard Time) 14 : 4 : 46 [Arif] info: hello from global handle error
Wed Jul 05 2023 14:04:46 GMT+0600 (Bangladesh Standard Time) 14 : 4 : 46 [Arif] info: hello for validate request ekhan theke user.validation e jabe
Wed Jul 05 2023 14:04:46 GMT+0600 (Bangladesh Standard Time) 14 : 4 : 46 [Arif] info: hello from global handle error
Wed Jul 05 2023 14:04:47 GMT+0600 (Bangladesh Standard Time) 14 : 4 : 47 [Arif] info: hello for validate request ekhan theke user.validation e jabe
Wed Jul 05 2023 14:04:47 GMT+0600 (Bangladesh Standard Time) 14 : 4 : 47 [Arif] info: hello from global handle error
Wed Jul 05 2023 14:04:48 GMT+0600 (Bangladesh Standard Time) 14 : 4 : 48 [Arif] info: hello for validate request ekhan theke user.validation e jabe
Wed Jul 05 2023 14:04:48 GMT+0600 (Bangladesh Standard Time) 14 : 4 : 48 [Arif] info: hello from global handle error
Wed Jul 05 2023 14:04:49 GMT+0600 (Bangladesh Standard Time) 14 : 4 : 49 [Arif] info: hello for validate request ekhan theke user.validation e jabe
Wed Jul 05 2023 14:04:49 GMT+0600 (Bangladesh Standard Time) 14 : 4 : 49 [Arif] info: hello from global handle error
Wed Jul 05 2023 14:05:57 GMT+0600 (Bangladesh Standard Time) 14 : 5 : 57 [Arif] info: connect successful
Wed Jul 05 2023 14:05:57 GMT+0600 (Bangladesh Standard Time) 14 : 5 : 57 [Arif] info: the application is running on port 5000
Wed Jul 05 2023 14:06:14 GMT+0600 (Bangladesh Standard Time) 14 : 6 : 14 [Arif] info: hello for validate request ekhan theke user.validation e jabe
Wed Jul 05 2023 14:06:14 GMT+0600 (Bangladesh Standard Time) 14 : 6 : 14 [Arif] info: hello from global handle error
Wed Jul 05 2023 14:06:15 GMT+0600 (Bangladesh Standard Time) 14 : 6 : 15 [Arif] info: hello for validate request ekhan theke user.validation e jabe
Wed Jul 05 2023 14:06:15 GMT+0600 (Bangladesh Standard Time) 14 : 6 : 15 [Arif] info: hello from global handle error
Wed Jul 05 2023 14:06:15 GMT+0600 (Bangladesh Standard Time) 14 : 6 : 15 [Arif] info: hello for validate request ekhan theke user.validation e jabe
Wed Jul 05 2023 14:06:15 GMT+0600 (Bangladesh Standard Time) 14 : 6 : 15 [Arif] info: hello from global handle error
Wed Jul 05 2023 14:06:18 GMT+0600 (Bangladesh Standard Time) 14 : 6 : 18 [Arif] info: hello for validate request ekhan theke user.validation e jabe
Wed Jul 05 2023 14:06:18 GMT+0600 (Bangladesh Standard Time) 14 : 6 : 18 [Arif] info: hello from global handle error
Wed Jul 05 2023 14:06:36 GMT+0600 (Bangladesh Standard Time) 14 : 6 : 36 [Arif] info: hello for validate request ekhan theke user.validation e jabe
Wed Jul 05 2023 14:06:37 GMT+0600 (Bangladesh Standard Time) 14 : 6 : 37 [Arif] info: hello from global handle error
Wed Jul 05 2023 14:06:45 GMT+0600 (Bangladesh Standard Time) 14 : 6 : 45 [Arif] info: hello for validate request ekhan theke user.validation e jabe
Wed Jul 05 2023 14:09:24 GMT+0600 (Bangladesh Standard Time) 14 : 9 : 24 [Arif] info: connect successful
Wed Jul 05 2023 14:09:24 GMT+0600 (Bangladesh Standard Time) 14 : 9 : 24 [Arif] info: the application is running on port 5000
Wed Jul 05 2023 14:09:31 GMT+0600 (Bangladesh Standard Time) 14 : 9 : 31 [Arif] info: hello for validate request ekhan theke user.validation e jabe
Wed Jul 05 2023 14:09:50 GMT+0600 (Bangladesh Standard Time) 14 : 9 : 50 [Arif] info: hello for validate request ekhan theke user.validation e jabe
Wed Jul 05 2023 14:09:51 GMT+0600 (Bangladesh Standard Time) 14 : 9 : 51 [Arif] info: hello from global handle error
Wed Jul 05 2023 14:12:30 GMT+0600 (Bangladesh Standard Time) 14 : 12 : 30 [Arif] info: connect successful
Wed Jul 05 2023 14:12:30 GMT+0600 (Bangladesh Standard Time) 14 : 12 : 30 [Arif] info: the application is running on port 5000
Wed Jul 05 2023 14:12:32 GMT+0600 (Bangladesh Standard Time) 14 : 12 : 32 [Arif] info: hello for validate request ekhan theke user.validation e jabe
Wed Jul 05 2023 14:12:33 GMT+0600 (Bangladesh Standard Time) 14 : 12 : 33 [Arif] info: hello from global handle error
Wed Jul 05 2023 14:12:58 GMT+0600 (Bangladesh Standard Time) 14 : 12 : 58 [Arif] info: connect successful
Wed Jul 05 2023 14:12:58 GMT+0600 (Bangladesh Standard Time) 14 : 12 : 58 [Arif] info: the application is running on port 5000
Wed Jul 05 2023 14:12:59 GMT+0600 (Bangladesh Standard Time) 14 : 12 : 59 [Arif] info: hello for validate request ekhan theke user.validation e jabe
Wed Jul 05 2023 14:13:00 GMT+0600 (Bangladesh Standard Time) 14 : 13 : 0 [Arif] info: hello from global handle error
Wed Jul 05 2023 14:13:34 GMT+0600 (Bangladesh Standard Time) 14 : 13 : 34 [Arif] info: connect successful
Wed Jul 05 2023 14:13:34 GMT+0600 (Bangladesh Standard Time) 14 : 13 : 34 [Arif] info: the application is running on port 5000
Wed Jul 05 2023 14:13:38 GMT+0600 (Bangladesh Standard Time) 14 : 13 : 38 [Arif] info: hello for validate request ekhan theke user.validation e jabe
Wed Jul 05 2023 14:13:39 GMT+0600 (Bangladesh Standard Time) 14 : 13 : 39 [Arif] info: hello from global handle error
Wed Jul 05 2023 14:13:40 GMT+0600 (Bangladesh Standard Time) 14 : 13 : 40 [Arif] info: hello for validate request ekhan theke user.validation e jabe
Wed Jul 05 2023 14:13:41 GMT+0600 (Bangladesh Standard Time) 14 : 13 : 41 [Arif] info: hello from global handle error
Wed Jul 05 2023 14:14:21 GMT+0600 (Bangladesh Standard Time) 14 : 14 : 21 [Arif] info: connect successful
Wed Jul 05 2023 14:14:21 GMT+0600 (Bangladesh Standard Time) 14 : 14 : 21 [Arif] info: the application is running on port 5000
Wed Jul 05 2023 14:14:54 GMT+0600 (Bangladesh Standard Time) 14 : 14 : 54 [Arif] info: hello for validate request ekhan theke user.validation e jabe
Wed Jul 05 2023 14:14:54 GMT+0600 (Bangladesh Standard Time) 14 : 14 : 54 [Arif] info: hello from global handle error
Wed Jul 05 2023 14:14:55 GMT+0600 (Bangladesh Standard Time) 14 : 14 : 55 [Arif] info: hello for validate request ekhan theke user.validation e jabe
Wed Jul 05 2023 14:14:56 GMT+0600 (Bangladesh Standard Time) 14 : 14 : 56 [Arif] info: hello from global handle error
Wed Jul 05 2023 14:14:57 GMT+0600 (Bangladesh Standard Time) 14 : 14 : 57 [Arif] info: hello for validate request ekhan theke user.validation e jabe
Wed Jul 05 2023 14:14:58 GMT+0600 (Bangladesh Standard Time) 14 : 14 : 58 [Arif] info: hello from global handle error
Wed Jul 05 2023 14:15:19 GMT+0600 (Bangladesh Standard Time) 14 : 15 : 19 [Arif] info: connect successful
Wed Jul 05 2023 14:15:19 GMT+0600 (Bangladesh Standard Time) 14 : 15 : 19 [Arif] info: the application is running on port 5000
Wed Jul 05 2023 14:15:21 GMT+0600 (Bangladesh Standard Time) 14 : 15 : 21 [Arif] info: hello for validate request ekhan theke user.validation e jabe
Wed Jul 05 2023 14:15:22 GMT+0600 (Bangladesh Standard Time) 14 : 15 : 22 [Arif] info: hello from global handle error
Wed Jul 05 2023 14:15:44 GMT+0600 (Bangladesh Standard Time) 14 : 15 : 44 [Arif] info: connect successful
Wed Jul 05 2023 14:15:44 GMT+0600 (Bangladesh Standard Time) 14 : 15 : 44 [Arif] info: the application is running on port 5000
Wed Jul 05 2023 14:37:52 GMT+0600 (Bangladesh Standard Time) 14 : 37 : 52 [Arif] info: connect successful
Wed Jul 05 2023 14:37:52 GMT+0600 (Bangladesh Standard Time) 14 : 37 : 52 [Arif] info: the application is running on port 5000
Wed Jul 05 2023 14:38:00 GMT+0600 (Bangladesh Standard Time) 14 : 38 : 0 [Arif] info: hello for validate request ekhan theke user.validation e jabe
Wed Jul 05 2023 14:38:01 GMT+0600 (Bangladesh Standard Time) 14 : 38 : 1 [Arif] info: hello from global handle error
Wed Jul 05 2023 14:38:04 GMT+0600 (Bangladesh Standard Time) 14 : 38 : 4 [Arif] info: hello for validate request ekhan theke user.validation e jabe
Wed Jul 05 2023 14:38:05 GMT+0600 (Bangladesh Standard Time) 14 : 38 : 5 [Arif] info: hello from global handle error
Wed Jul 05 2023 14:39:20 GMT+0600 (Bangladesh Standard Time) 14 : 39 : 20 [Arif] info: connect successful
Wed Jul 05 2023 14:39:20 GMT+0600 (Bangladesh Standard Time) 14 : 39 : 20 [Arif] info: the application is running on port 5000
Wed Jul 05 2023 14:39:20 GMT+0600 (Bangladesh Standard Time) 14 : 39 : 20 [Arif] info: hello for validate request ekhan theke user.validation e jabe
Wed Jul 05 2023 14:40:00 GMT+0600 (Bangladesh Standard Time) 14 : 40 : 0 [Arif] info: connect successful
Wed Jul 05 2023 14:40:00 GMT+0600 (Bangladesh Standard Time) 14 : 40 : 0 [Arif] info: the application is running on port 5000
Wed Jul 05 2023 14:43:47 GMT+0600 (Bangladesh Standard Time) 14 : 43 : 47 [Arif] info: connect successful
Wed Jul 05 2023 14:43:47 GMT+0600 (Bangladesh Standard Time) 14 : 43 : 47 [Arif] info: the application is running on port 5000
Wed Jul 05 2023 14:43:55 GMT+0600 (Bangladesh Standard Time) 14 : 43 : 55 [Arif] info: hello for validate request ekhan theke user.validation e jabe
Wed Jul 05 2023 14:43:56 GMT+0600 (Bangladesh Standard Time) 14 : 43 : 56 [Arif] info: hello from error api
Wed Jul 05 2023 14:43:56 GMT+0600 (Bangladesh Standard Time) 14 : 43 : 56 [Arif] info: hello from global handle error
Wed Jul 05 2023 14:44:16 GMT+0600 (Bangladesh Standard Time) 14 : 44 : 16 [Arif] info: hello for validate request ekhan theke user.validation e jabe
