Thu Jun 15 2023 15:13:54 GMT+0600 (Bangladesh Standard Time) 15 : 13 : 54 [Arif] info: connect successful
Thu Jun 15 2023 15:13:54 GMT+0600 (Bangladesh Standard Time) 15 : 13 : 54 [Arif] info: the application is running on port 5000
Thu Jun 15 2023 15:17:56 GMT+0600 (Bangladesh Standard Time) 15 : 17 : 56 [Arif] info: connect successful
Thu Jun 15 2023 15:17:56 GMT+0600 (Bangladesh Standard Time) 15 : 17 : 56 [Arif] info: the application is running on port 5000
Thu Jun 15 2023 15:18:37 GMT+0600 (Bangladesh Standard Time) 15 : 18 : 37 [Arif] info: connect successful
Thu Jun 15 2023 15:18:37 GMT+0600 (Bangladesh Standard Time) 15 : 18 : 37 [Arif] info: the application is running on port 5000
Thu Jun 15 2023 15:39:26 GMT+0600 (Bangladesh Standard Time) 15 : 39 : 26 [Arif] info: [object Object]
Thu Jun 15 2023 15:40:16 GMT+0600 (Bangladesh Standard Time) 15 : 40 : 16 [Arif] info: [object Object]
Thu Jun 15 2023 15:47:48 GMT+0600 (Bangladesh Standard Time) 15 : 47 : 48 [Arif] info: connect successful
Thu Jun 15 2023 15:47:48 GMT+0600 (Bangladesh Standard Time) 15 : 47 : 48 [Arif] info: the application is running on port 5000
Thu Jun 15 2023 15:50:33 GMT+0600 (Bangladesh Standard Time) 15 : 50 : 33 [Arif] info: hello for validate request ekhan theke user.validation e jabe
Thu Jun 15 2023 15:50:52 GMT+0600 (Bangladesh Standard Time) 15 : 50 : 52 [Arif] info: hello for validate request ekhan theke user.validation e jabe
Thu Jun 15 2023 15:50:52 GMT+0600 (Bangladesh Standard Time) 15 : 50 : 52 [Arif] info: hello from global handle error
Thu Jun 15 2023 15:51:33 GMT+0600 (Bangladesh Standard Time) 15 : 51 : 33 [Arif] info: hello for validate request ekhan theke user.validation e jabe
Thu Jun 15 2023 15:51:33 GMT+0600 (Bangladesh Standard Time) 15 : 51 : 33 [Arif] info: hello from global handle error
Thu Jun 15 2023 15:51:43 GMT+0600 (Bangladesh Standard Time) 15 : 51 : 43 [Arif] info: hello for validate request ekhan theke user.validation e jabe
Thu Jun 15 2023 15:51:43 GMT+0600 (Bangladesh Standard Time) 15 : 51 : 43 [Arif] info: hello from error api
Thu Jun 15 2023 15:51:43 GMT+0600 (Bangladesh Standard Time) 15 : 51 : 43 [Arif] info: hello from global handle error
Thu Jun 15 2023 15:51:48 GMT+0600 (Bangladesh Standard Time) 15 : 51 : 48 [Arif] info: hello for validate request ekhan theke user.validation e jabe
Thu Jun 15 2023 15:51:48 GMT+0600 (Bangladesh Standard Time) 15 : 51 : 48 [Arif] info: hello from error api
Thu Jun 15 2023 15:51:48 GMT+0600 (Bangladesh Standard Time) 15 : 51 : 48 [Arif] info: hello from global handle error
Thu Jun 15 2023 15:51:57 GMT+0600 (Bangladesh Standard Time) 15 : 51 : 57 [Arif] info: hello for validate request ekhan theke user.validation e jabe
Thu Jun 15 2023 15:52:04 GMT+0600 (Bangladesh Standard Time) 15 : 52 : 4 [Arif] info: hello for validate request ekhan theke user.validation e jabe
Thu Jun 15 2023 15:52:04 GMT+0600 (Bangladesh Standard Time) 15 : 52 : 4 [Arif] info: hello from global handle error
Thu Jun 15 2023 15:52:20 GMT+0600 (Bangladesh Standard Time) 15 : 52 : 20 [Arif] info: hello for validate request ekhan theke user.validation e jabe
Thu Jun 15 2023 15:52:35 GMT+0600 (Bangladesh Standard Time) 15 : 52 : 35 [Arif] info: hello for validate request ekhan theke user.validation e jabe
Thu Jun 15 2023 15:52:35 GMT+0600 (Bangladesh Standard Time) 15 : 52 : 35 [Arif] info: hello from error api
Thu Jun 15 2023 15:52:35 GMT+0600 (Bangladesh Standard Time) 15 : 52 : 35 [Arif] info: hello from global handle error
Thu Jun 15 2023 15:52:56 GMT+0600 (Bangladesh Standard Time) 15 : 52 : 56 [Arif] info: hello for validate request ekhan theke user.validation e jabe
Thu Jun 15 2023 15:52:56 GMT+0600 (Bangladesh Standard Time) 15 : 52 : 56 [Arif] info: hello from global handle error
Thu Jun 15 2023 15:54:13 GMT+0600 (Bangladesh Standard Time) 15 : 54 : 13 [Arif] info: connect successful
Thu Jun 15 2023 15:54:13 GMT+0600 (Bangladesh Standard Time) 15 : 54 : 13 [Arif] info: the application is running on port 5000
Thu Jun 15 2023 15:54:22 GMT+0600 (Bangladesh Standard Time) 15 : 54 : 22 [Arif] info: connect successful
Thu Jun 15 2023 15:54:22 GMT+0600 (Bangladesh Standard Time) 15 : 54 : 22 [Arif] info: the application is running on port 5000
Thu Jun 15 2023 15:58:41 GMT+0600 (Bangladesh Standard Time) 15 : 58 : 41 [Arif] info: hello for validate request ekhan theke user.validation e jabe
Thu Jun 15 2023 15:58:41 GMT+0600 (Bangladesh Standard Time) 15 : 58 : 41 [Arif] info: hello from global handle error
