Thu Jun 15 2023 16:01:10 GMT+0600 (Bangladesh Standard Time) 16 : 1 : 10 [Arif] info: connect successful
Thu Jun 15 2023 16:01:10 GMT+0600 (Bangladesh Standard Time) 16 : 1 : 10 [Arif] info: the application is running on port 5000
Thu Jun 15 2023 16:01:57 GMT+0600 (Bangladesh Standard Time) 16 : 1 : 57 [Arif] info: connect successful
Thu Jun 15 2023 16:01:57 GMT+0600 (Bangladesh Standard Time) 16 : 1 : 57 [Arif] info: the application is running on port 5000
Thu Jun 15 2023 16:02:39 GMT+0600 (Bangladesh Standard Time) 16 : 2 : 39 [Arif] info: hello for validate request ekhan theke user.validation e jabe
Thu Jun 15 2023 16:02:49 GMT+0600 (Bangladesh Standard Time) 16 : 2 : 49 [Arif] info: hello for validate request ekhan theke user.validation e jabe
Thu Jun 15 2023 16:02:57 GMT+0600 (Bangladesh Standard Time) 16 : 2 : 57 [Arif] info: hello for validate request ekhan theke user.validation e jabe
Thu Jun 15 2023 16:03:08 GMT+0600 (Bangladesh Standard Time) 16 : 3 : 8 [Arif] info: hello for validate request ekhan theke user.validation e jabe
Thu Jun 15 2023 16:03:08 GMT+0600 (Bangladesh Standard Time) 16 : 3 : 8 [Arif] info: hello from error api
Thu Jun 15 2023 16:03:08 GMT+0600 (Bangladesh Standard Time) 16 : 3 : 8 [Arif] info: hello from global handle error
Thu Jun 15 2023 16:03:31 GMT+0600 (Bangladesh Standard Time) 16 : 3 : 31 [Arif] info: hello for validate request ekhan theke user.validation e jabe
Thu Jun 15 2023 16:03:39 GMT+0600 (Bangladesh Standard Time) 16 : 3 : 39 [Arif] info: hello for validate request ekhan theke user.validation e jabe
Thu Jun 15 2023 16:03:47 GMT+0600 (Bangladesh Standard Time) 16 : 3 : 47 [Arif] info: hello for validate request ekhan theke user.validation e jabe
Thu Jun 15 2023 16:04:11 GMT+0600 (Bangladesh Standard Time) 16 : 4 : 11 [Arif] info: hello for validate request ekhan theke user.validation e jabe
Thu Jun 15 2023 16:04:11 GMT+0600 (Bangladesh Standard Time) 16 : 4 : 11 [Arif] info: hello from error api
Thu Jun 15 2023 16:04:11 GMT+0600 (Bangladesh Standard Time) 16 : 4 : 11 [Arif] info: hello from global handle error
Thu Jun 15 2023 16:04:35 GMT+0600 (Bangladesh Standard Time) 16 : 4 : 35 [Arif] info: hello for validate request ekhan theke user.validation e jabe
Thu Jun 15 2023 16:04:41 GMT+0600 (Bangladesh Standard Time) 16 : 4 : 41 [Arif] info: hello for validate request ekhan theke user.validation e jabe
Thu Jun 15 2023 16:04:47 GMT+0600 (Bangladesh Standard Time) 16 : 4 : 47 [Arif] info: hello for validate request ekhan theke user.validation e jabe
Thu Jun 15 2023 16:04:52 GMT+0600 (Bangladesh Standard Time) 16 : 4 : 52 [Arif] info: hello for validate request ekhan theke user.validation e jabe
Thu Jun 15 2023 16:07:48 GMT+0600 (Bangladesh Standard Time) 16 : 7 : 48 [Arif] info: [object Object]
Thu Jun 15 2023 16:08:18 GMT+0600 (Bangladesh Standard Time) 16 : 8 : 18 [Arif] info: [object Object]
Thu Jun 15 2023 16:08:23 GMT+0600 (Bangladesh Standard Time) 16 : 8 : 23 [Arif] info: [object Object]
Thu Jun 15 2023 16:08:45 GMT+0600 (Bangladesh Standard Time) 16 : 8 : 45 [Arif] info: [object Object]
Thu Jun 15 2023 16:09:17 GMT+0600 (Bangladesh Standard Time) 16 : 9 : 17 [Arif] info: [object Object]
Thu Jun 15 2023 16:10:25 GMT+0600 (Bangladesh Standard Time) 16 : 10 : 25 [Arif] info: connect successful
Thu Jun 15 2023 16:10:25 GMT+0600 (Bangladesh Standard Time) 16 : 10 : 25 [Arif] info: the application is running on port 5000
Thu Jun 15 2023 16:17:27 GMT+0600 (Bangladesh Standard Time) 16 : 17 : 27 [Arif] info: connect successful
Thu Jun 15 2023 16:17:27 GMT+0600 (Bangladesh Standard Time) 16 : 17 : 27 [Arif] info: the application is running on port 5000
Thu Jun 15 2023 16:20:03 GMT+0600 (Bangladesh Standard Time) 16 : 20 : 3 [Arif] info: connect successful
Thu Jun 15 2023 16:20:03 GMT+0600 (Bangladesh Standard Time) 16 : 20 : 3 [Arif] info: the application is running on port 5000
Thu Jun 15 2023 16:21:20 GMT+0600 (Bangladesh Standard Time) 16 : 21 : 20 [Arif] info: connect successful
Thu Jun 15 2023 16:21:20 GMT+0600 (Bangladesh Standard Time) 16 : 21 : 20 [Arif] info: the application is running on port 5000
Thu Jun 15 2023 16:21:45 GMT+0600 (Bangladesh Standard Time) 16 : 21 : 45 [Arif] info: connect successful
Thu Jun 15 2023 16:21:45 GMT+0600 (Bangladesh Standard Time) 16 : 21 : 45 [Arif] info: the application is running on port 5000
Thu Jun 15 2023 16:21:57 GMT+0600 (Bangladesh Standard Time) 16 : 21 : 57 [Arif] info: connect successful
Thu Jun 15 2023 16:21:57 GMT+0600 (Bangladesh Standard Time) 16 : 21 : 57 [Arif] info: the application is running on port 5000
Thu Jun 15 2023 16:22:57 GMT+0600 (Bangladesh Standard Time) 16 : 22 : 57 [Arif] info: connect successful
Thu Jun 15 2023 16:22:57 GMT+0600 (Bangladesh Standard Time) 16 : 22 : 57 [Arif] info: the application is running on port 5000
Thu Jun 15 2023 16:23:01 GMT+0600 (Bangladesh Standard Time) 16 : 23 : 1 [Arif] info: connect successful
Thu Jun 15 2023 16:23:01 GMT+0600 (Bangladesh Standard Time) 16 : 23 : 1 [Arif] info: the application is running on port 5000
Thu Jun 15 2023 16:23:32 GMT+0600 (Bangladesh Standard Time) 16 : 23 : 32 [Arif] info: [object Object]
Thu Jun 15 2023 16:23:48 GMT+0600 (Bangladesh Standard Time) 16 : 23 : 48 [Arif] info: [object Object]
Thu Jun 15 2023 16:27:18 GMT+0600 (Bangladesh Standard Time) 16 : 27 : 18 [Arif] info: connect successful
Thu Jun 15 2023 16:27:18 GMT+0600 (Bangladesh Standard Time) 16 : 27 : 18 [Arif] info: the application is running on port 5000
Thu Jun 15 2023 16:27:27 GMT+0600 (Bangladesh Standard Time) 16 : 27 : 27 [Arif] info: connect successful
Thu Jun 15 2023 16:27:27 GMT+0600 (Bangladesh Standard Time) 16 : 27 : 27 [Arif] info: the application is running on port 5000
