Wed Jul 05 2023 14:01:33 GMT+0600 (Bangladesh Standard Time) 14 : 1 : 33 [Arif] error: globalErrorHandler [
  {
    "code": "invalid_type",
    "expected": "string",
    "received": "undefined",
    "path": [
      "cookies",
      "oldPassword"
    ],
    "message": "Old password is required"
  },
  {
    "code": "invalid_type",
    "expected": "string",
    "received": "undefined",
    "path": [
      "cookies",
      "NewPassword"
    ],
    "message": "New Password is required"
  }
]
Wed Jul 05 2023 14:01:34 GMT+0600 (Bangladesh Standard Time) 14 : 1 : 34 [Arif] error: globalErrorHandler [
  {
    "code": "invalid_type",
    "expected": "string",
    "received": "undefined",
    "path": [
      "cookies",
      "oldPassword"
    ],
    "message": "Old password is required"
  },
  {
    "code": "invalid_type",
    "expected": "string",
    "received": "undefined",
    "path": [
      "cookies",
      "NewPassword"
    ],
    "message": "New Password is required"
  }
]
Wed Jul 05 2023 14:01:35 GMT+0600 (Bangladesh Standard Time) 14 : 1 : 35 [Arif] error: globalErrorHandler [
  {
    "code": "invalid_type",
    "expected": "string",
    "received": "undefined",
    "path": [
      "cookies",
      "oldPassword"
    ],
    "message": "Old password is required"
  },
  {
    "code": "invalid_type",
    "expected": "string",
    "received": "undefined",
    "path": [
      "cookies",
      "NewPassword"
    ],
    "message": "New Password is required"
  }
]
Wed Jul 05 2023 14:01:36 GMT+0600 (Bangladesh Standard Time) 14 : 1 : 36 [Arif] error: globalErrorHandler [
  {
    "code": "invalid_type",
    "expected": "string",
    "received": "undefined",
    "path": [
      "cookies",
      "oldPassword"
    ],
    "message": "Old password is required"
  },
  {
    "code": "invalid_type",
    "expected": "string",
    "received": "undefined",
    "path": [
      "cookies",
      "NewPassword"
    ],
    "message": "New Password is required"
  }
]
Wed Jul 05 2023 14:04:00 GMT+0600 (Bangladesh Standard Time) 14 : 4 : 0 [Arif] error: globalErrorHandler [
  {
    "code": "invalid_type",
    "expected": "string",
    "received": "undefined",
    "path": [
      "cookies",
      "oldPassword"
    ],
    "message": "Old password is required"
  },
  {
    "code": "invalid_type",
    "expected": "string",
    "received": "undefined",
    "path": [
      "cookies",
      "newPassword"
    ],
    "message": "New Password is required"
  }
]
Wed Jul 05 2023 14:04:02 GMT+0600 (Bangladesh Standard Time) 14 : 4 : 2 [Arif] error: globalErrorHandler [
  {
    "code": "invalid_type",
    "expected": "string",
    "received": "undefined",
    "path": [
      "cookies",
      "oldPassword"
    ],
    "message": "Old password is required"
  },
  {
    "code": "invalid_type",
    "expected": "string",
    "received": "undefined",
    "path": [
      "cookies",
      "newPassword"
    ],
    "message": "New Password is required"
  }
]
Wed Jul 05 2023 14:04:03 GMT+0600 (Bangladesh Standard Time) 14 : 4 : 3 [Arif] error: globalErrorHandler [
  {
    "code": "invalid_type",
    "expected": "string",
    "received": "undefined",
    "path": [
      "cookies",
      "oldPassword"
    ],
    "message": "Old password is required"
  },
  {
    "code": "invalid_type",
    "expected": "string",
    "received": "undefined",
    "path": [
      "cookies",
      "newPassword"
    ],
    "message": "New Password is required"
  }
]
Wed Jul 05 2023 14:04:03 GMT+0600 (Bangladesh Standard Time) 14 : 4 : 3 [Arif] error: globalErrorHandler [
  {
    "code": "invalid_type",
    "expected": "string",
    "received": "undefined",
    "path": [
      "cookies",
      "oldPassword"
    ],
    "message": "Old password is required"
  },
  {
    "code": "invalid_type",
    "expected": "string",
    "received": "undefined",
    "path": [
      "cookies",
      "newPassword"
    ],
    "message": "New Password is required"
  }
]
Wed Jul 05 2023 14:04:45 GMT+0600 (Bangladesh Standard Time) 14 : 4 : 45 [Arif] error: globalErrorHandler [
  {
    "code": "invalid_type",
    "expected": "string",
    "received": "undefined",
    "path": [
      "cookies",
      "oldPassword"
    ],
    "message": "Old password is required"
  },
  {
    "code": "invalid_type",
    "expected": "string",
    "received": "undefined",
    "path": [
      "cookies",
      "newPassword"
    ],
    "message": "New Password is required"
  }
]
Wed Jul 05 2023 14:04:46 GMT+0600 (Bangladesh Standard Time) 14 : 4 : 46 [Arif] error: globalErrorHandler [
  {
    "code": "invalid_type",
    "expected": "string",
    "received": "undefined",
    "path": [
      "cookies",
      "oldPassword"
    ],
    "message": "Old password is required"
  },
  {
    "code": "invalid_type",
    "expected": "string",
    "received": "undefined",
    "path": [
      "cookies",
      "newPassword"
    ],
    "message": "New Password is required"
  }
]
Wed Jul 05 2023 14:04:46 GMT+0600 (Bangladesh Standard Time) 14 : 4 : 46 [Arif] error: globalErrorHandler [
  {
    "code": "invalid_type",
    "expected": "string",
    "received": "undefined",
    "path": [
      "cookies",
      "oldPassword"
    ],
    "message": "Old password is required"
  },
  {
    "code": "invalid_type",
    "expected": "string",
    "received": "undefined",
    "path": [
      "cookies",
      "newPassword"
    ],
    "message": "New Password is required"
  }
]
Wed Jul 05 2023 14:04:47 GMT+0600 (Bangladesh Standard Time) 14 : 4 : 47 [Arif] error: globalErrorHandler [
  {
    "code": "invalid_type",
    "expected": "string",
    "received": "undefined",
    "path": [
      "cookies",
      "oldPassword"
    ],
    "message": "Old password is required"
  },
  {
    "code": "invalid_type",
    "expected": "string",
    "received": "undefined",
    "path": [
      "cookies",
      "newPassword"
    ],
    "message": "New Password is required"
  }
]
Wed Jul 05 2023 14:04:48 GMT+0600 (Bangladesh Standard Time) 14 : 4 : 48 [Arif] error: globalErrorHandler [
  {
    "code": "invalid_type",
    "expected": "string",
    "received": "undefined",
    "path": [
      "cookies",
      "oldPassword"
    ],
    "message": "Old password is required"
  },
  {
    "code": "invalid_type",
    "expected": "string",
    "received": "undefined",
    "path": [
      "cookies",
      "newPassword"
    ],
    "message": "New Password is required"
  }
]
Wed Jul 05 2023 14:04:49 GMT+0600 (Bangladesh Standard Time) 14 : 4 : 49 [Arif] error: globalErrorHandler [
  {
    "code": "invalid_type",
    "expected": "string",
    "received": "undefined",
    "path": [
      "cookies",
      "oldPassword"
    ],
    "message": "Old password is required"
  },
  {
    "code": "invalid_type",
    "expected": "string",
    "received": "undefined",
    "path": [
      "cookies",
      "newPassword"
    ],
    "message": "New Password is required"
  }
]
Wed Jul 05 2023 14:06:14 GMT+0600 (Bangladesh Standard Time) 14 : 6 : 14 [Arif] error: globalErrorHandler [
  {
    "code": "invalid_type",
    "expected": "string",
    "received": "undefined",
    "path": [
      "cookies",
      "oldPassword"
    ],
    "message": "Old password is required"
  },
  {
    "code": "invalid_type",
    "expected": "string",
    "received": "undefined",
    "path": [
      "cookies",
      "newPassword"
    ],
    "message": "New Password is required"
  }
]
Wed Jul 05 2023 14:06:15 GMT+0600 (Bangladesh Standard Time) 14 : 6 : 15 [Arif] error: globalErrorHandler [
  {
    "code": "invalid_type",
    "expected": "string",
    "received": "undefined",
    "path": [
      "cookies",
      "oldPassword"
    ],
    "message": "Old password is required"
  },
  {
    "code": "invalid_type",
    "expected": "string",
    "received": "undefined",
    "path": [
      "cookies",
      "newPassword"
    ],
    "message": "New Password is required"
  }
]
Wed Jul 05 2023 14:06:15 GMT+0600 (Bangladesh Standard Time) 14 : 6 : 15 [Arif] error: globalErrorHandler [
  {
    "code": "invalid_type",
    "expected": "string",
    "received": "undefined",
    "path": [
      "cookies",
      "oldPassword"
    ],
    "message": "Old password is required"
  },
  {
    "code": "invalid_type",
    "expected": "string",
    "received": "undefined",
    "path": [
      "cookies",
      "newPassword"
    ],
    "message": "New Password is required"
  }
]
Wed Jul 05 2023 14:06:18 GMT+0600 (Bangladesh Standard Time) 14 : 6 : 18 [Arif] error: globalErrorHandler [
  {
    "code": "invalid_type",
    "expected": "string",
    "received": "undefined",
    "path": [
      "cookies",
      "oldPassword"
    ],
    "message": "Old password is required"
  },
  {
    "code": "invalid_type",
    "expected": "string",
    "received": "undefined",
    "path": [
      "cookies",
      "newPassword"
    ],
    "message": "New Password is required"
  }
]
Wed Jul 05 2023 14:06:37 GMT+0600 (Bangladesh Standard Time) 14 : 6 : 37 [Arif] error: globalErrorHandler E11000 duplicate key error collection: university-management.students index: email_1 dup key: { email: "arif@gmail.com" }
Wed Jul 05 2023 14:09:51 GMT+0600 (Bangladesh Standard Time) 14 : 9 : 51 [Arif] error: globalErrorHandler Cast to ObjectId failed for value "{ id: '220100006' }" (type Object) at path "_id" for model "User"
Wed Jul 05 2023 14:12:33 GMT+0600 (Bangladesh Standard Time) 14 : 12 : 33 [Arif] error: globalErrorHandler Cast to ObjectId failed for value "{ id: '220100006' }" (type Object) at path "_id" for model "User"
Wed Jul 05 2023 14:13:00 GMT+0600 (Bangladesh Standard Time) 14 : 13 : 0 [Arif] error: globalErrorHandler Cast to ObjectId failed for value "{ id: '220100006' }" (type Object) at path "_id" for model "User"
Wed Jul 05 2023 14:13:39 GMT+0600 (Bangladesh Standard Time) 14 : 13 : 39 [Arif] error: globalErrorHandler Cast to ObjectId failed for value "{ _id: '220100006' }" (type Object) at path "_id" for model "User"
Wed Jul 05 2023 14:13:41 GMT+0600 (Bangladesh Standard Time) 14 : 13 : 41 [Arif] error: globalErrorHandler Cast to ObjectId failed for value "{ _id: '220100006' }" (type Object) at path "_id" for model "User"
Wed Jul 05 2023 14:14:54 GMT+0600 (Bangladesh Standard Time) 14 : 14 : 54 [Arif] error: globalErrorHandler Cast to ObjectId failed for value "{ id: '220100006' }" (type Object) at path "_id" for model "User"
Wed Jul 05 2023 14:14:56 GMT+0600 (Bangladesh Standard Time) 14 : 14 : 56 [Arif] error: globalErrorHandler Cast to ObjectId failed for value "{ id: '220100006' }" (type Object) at path "_id" for model "User"
Wed Jul 05 2023 14:14:58 GMT+0600 (Bangladesh Standard Time) 14 : 14 : 58 [Arif] error: globalErrorHandler Cast to ObjectId failed for value "{ id: '220100006' }" (type Object) at path "_id" for model "User"
Wed Jul 05 2023 14:15:22 GMT+0600 (Bangladesh Standard Time) 14 : 15 : 22 [Arif] error: globalErrorHandler Cast to ObjectId failed for value "{ _id: '220100006' }" (type Object) at path "_id" for model "User"
Wed Jul 05 2023 14:38:01 GMT+0600 (Bangladesh Standard Time) 14 : 38 : 1 [Arif] error: globalErrorHandler Cast to ObjectId failed for value "{ id: '220100006' }" (type Object) at path "_id" for model "User"
Wed Jul 05 2023 14:38:05 GMT+0600 (Bangladesh Standard Time) 14 : 38 : 5 [Arif] error: globalErrorHandler Cast to ObjectId failed for value "{ id: '220100006' }" (type Object) at path "_id" for model "User"
Wed Jul 05 2023 14:43:56 GMT+0600 (Bangladesh Standard Time) 14 : 43 : 56 [Arif] error: globalErrorHandler Password is incorrect
