Sun Jun 11 2023 09:58:23 GMT+0600 (Bangladesh Standard Time) 9 : 58 : 23 [Arif] error: globalErrorHandler [
  {
    "code": "invalid_type",
    "expected": "string",
    "received": "undefined",
    "path": [
      "body",
      "role"
    ],
    "message": "role is required"
  }
]
Sun Jun 11 2023 09:58:29 GMT+0600 (Bangladesh Standard Time) 9 : 58 : 29 [Arif] error: globalErrorHandler [
  {
    "code": "invalid_type",
    "expected": "string",
    "received": "undefined",
    "path": [
      "body",
      "role"
    ],
    "message": "role is required"
  }
]
Sun Jun 11 2023 09:58:47 GMT+0600 (Bangladesh Standard Time) 9 : 58 : 47 [Arif] error: globalErrorHandler [
  {
    "code": "invalid_type",
    "expected": "string",
    "received": "undefined",
    "path": [
      "body",
      "role"
    ],
    "message": "role is required"
  }
]
