Thu Jun 15 2023 20:16:07 GMT+0600 (Bangladesh Standard Time) 20 : 16 : 7 [Arif] error: globalErrorHandler Unexpected token } in JSON at position 27
Thu Jun 15 2023 20:16:15 GMT+0600 (Bangladesh Standard Time) 20 : 16 : 15 [Arif] error: globalErrorHandler [
  {
    "code": "custom",
    "message": "Either both title and code should be provided or neither",
    "path": []
  }
]
Thu Jun 15 2023 20:16:20 GMT+0600 (Bangladesh Standard Time) 20 : 16 : 20 [Arif] error: globalErrorHandler [
  {
    "code": "custom",
    "message": "Either both title and code should be provided or neither",
    "path": []
  }
]
Thu Jun 15 2023 20:16:20 GMT+0600 (Bangladesh Standard Time) 20 : 16 : 20 [Arif] error: globalErrorHandler [
  {
    "code": "custom",
    "message": "Either both title and code should be provided or neither",
    "path": []
  }
]
Thu Jun 15 2023 20:19:46 GMT+0600 (Bangladesh Standard Time) 20 : 19 : 46 [Arif] error: globalErrorHandler [
  {
    "code": "custom",
    "message": "Either both title and code should be provided or neither",
    "path": []
  }
]
Thu Jun 15 2023 20:19:52 GMT+0600 (Bangladesh Standard Time) 20 : 19 : 52 [Arif] error: globalErrorHandler Unexpected token } in JSON at position 31
